[Seleccionando features...]
[Entrenando con parametro 5]
------------------------
[Se encontro un clasificador mejor 61.650000000000006% ]
[Se encontro un clasificador mejor 63.2% ]
[Se encontro un clasificador mejor 63.7% ]
[Se encontro un clasificador mejor 63.800000000000004% ]
[Se encontro un clasificador mejor 64.5% ]
[Se encontro un clasificador mejor 64.60000000000001% ]
[Resultado  62.78% ]
[Entrenando con parametro 6]
------------------------
[Se encontro un clasificador mejor 62.425% ]
[Se encontro un clasificador mejor 62.675000000000004% ]
[Se encontro un clasificador mejor 63.3% ]
[Se encontro un clasificador mejor 64.17500000000001% ]
[Se encontro un clasificador mejor 64.425% ]
[Resultado  62.839999999999996% ]
[Entrenando con parametro 7]
------------------------
[Se encontro un clasificador mejor 62.5% ]
[Se encontro un clasificador mejor 63.05% ]
[Se encontro un clasificador mejor 63.1% ]
[Se encontro un clasificador mejor 63.74999999999999% ]
[Se encontro un clasificador mejor 64.45% ]
[Se encontro un clasificador mejor 64.47500000000001% ]
[Resultado  63.54% ]
[Entrenando con parametro 8]
------------------------
[Se encontro un clasificador mejor 64.45% ]
[Se encontro un clasificador mejor 64.60000000000001% ]
[Se encontro un clasificador mejor 64.725% ]
[Se encontro un clasificador mejor 64.95% ]
[Se encontro un clasificador mejor 65.05% ]
[Se encontro un clasificador mejor 65.2% ]
[Resultado  64.16% ]
[Entrenando con parametro 9]
------------------------
[Se encontro un clasificador mejor 64.3% ]
[Se encontro un clasificador mejor 64.64999999999999% ]
[Se encontro un clasificador mejor 65.925% ]
[Resultado  64.60000000000001% ]
[Entrenando con parametro 10]
------------------------
[Se encontro un clasificador mejor 63.824999999999996% ]
[Se encontro un clasificador mejor 65.625% ]
[Se encontro un clasificador mejor 66.07499999999999% ]
[Se encontro un clasificador mejor 66.25% ]
[Resultado  65.10000000000001% ]
[Entrenando con parametro 11]
------------------------
[Se encontro un clasificador mejor 65.14999999999999% ]
[Se encontro un clasificador mejor 65.5% ]
[Se encontro un clasificador mejor 66.27499999999999% ]
[Resultado  65.44% ]
[Entrenando con parametro 12]
------------------------
[Se encontro un clasificador mejor 65.95% ]
[Se encontro un clasificador mejor 66.3% ]
[Se encontro un clasificador mejor 66.825% ]
[Se encontro un clasificador mejor 66.85% ]
[Resultado  65.44% ]
[Entrenando con parametro 13]
------------------------
[Se encontro un clasificador mejor 65.975% ]
[Se encontro un clasificador mejor 66.10000000000001% ]
[Se encontro un clasificador mejor 66.625% ]
[Se encontro un clasificador mejor 66.725% ]
[Resultado  65.2% ]
[Entrenando con parametro 14]
------------------------
[Se encontro un clasificador mejor 66.07499999999999% ]
[Se encontro un clasificador mejor 66.55% ]
[Se encontro un clasificador mejor 66.675% ]
[Se encontro un clasificador mejor 66.875% ]
[Se encontro un clasificador mejor 67.7% ]
[Resultado  65.25999999999999% ]